2023-09-01 12:42:29,327 [main] INFO c.n.m.NhnMartShell [NhnMartShell.java:39] - NHN 마트에 오신 것을 환영합니다. 사고 싶은 물건을 골라주세요. 

2023-09-01 12:42:29,330 [main] INFO c.n.m.NhnMartShell [NhnMartShell.java:40] - > 
2023-09-01 12:43:46,696 [main] INFO c.n.m.NhnMartShell [NhnMartShell.java:51] - {[]}의 수량이 1보다 작습니다.
2023-09-01 12:43:59,516 [main] INFO c.n.m.NhnMartShell [NhnMartShell.java:51] - [양파] 의 수량이 1보다 작습니다.
2023-09-01 12:44:24,816 [main] WARN c.n.m.NhnMartShell [NhnMartShell.java:51] - [양파]의 수량이 1보다 작습니다.
2023-09-01 12:45:18,663 [main] INFO c.n.m.NhnMartShell [NhnMartShell.java:54] - 구매 항목에 양파를 2만큼 추가한다.
2023-09-01 12:45:18,673 [main] INFO c.n.m.NhnMartShell [NhnMartShell.java:54] - 구매 항목에 사과를 1만큼 추가한다.
2023-09-01 12:48:24,821 [main] INFO c.n.m.NhnMartShell [NhnMartShell.java:58] - 구매 항목에 양파를 2만큼 추가합니다.
2023-09-01 12:48:24,830 [main] INFO c.n.m.NhnMartShell [NhnMartShell.java:58] - 구매 항목에 사과를 1만큼 추가합니다.
2023-09-01 12:48:24,831 [main] INFO c.n.m.NhnMartShell [NhnMartShell.java:21] - 새로운 Customer 객체를 생성합니다.
2023-09-01 12:48:24,831 [main] INFO c.n.m.NhnMartShell [NhnMartShell.java:25] - Customer가 장바구니를 챙깁니다.
2023-09-01 12:48:24,832 [main] INFO c.n.m.NhnMartShell [NhnMartShell.java:29] - Customer가 식품을 담습니다.
2023-09-01 12:48:24,832 [main] INFO c.n.m.NhnMartShell [NhnMartShell.java:34] - Customer가 담은 식품을 계산합니다.
2023-09-01 12:57:43,713 [main] ERROR c.n.m.NhnMartShell [NhnMartShell.java:59] - [양파]의 수량이 1보다 작습니다.
2023-09-01 12:59:18,436 [main] ERROR c.n.m.NhnMartShell [NhnMartShell.java:58] - [양파]의 수량이 1보다 작습니다.
2023-09-01 12:59:18,444 [main] INFO c.n.m.NhnMartShell [NhnMartShell.java:60] - 구매 항목에 양파를 0만큼 추가합니다.
2023-09-01 12:59:18,445 [main] INFO c.n.m.NhnMartShell [NhnMartShell.java:21] - 새로운 Customer 객체를 생성합니다.
2023-09-01 12:59:18,445 [main] INFO c.n.m.NhnMartShell [NhnMartShell.java:25] - Customer가 장바구니를 챙깁니다.
2023-09-01 12:59:18,446 [main] INFO c.n.m.NhnMartShell [NhnMartShell.java:29] - Customer가 식품을 담습니다.
2023-09-01 12:59:18,446 [main] INFO c.n.m.NhnMartShell [NhnMartShell.java:33] - Customer가 담은 식품을 계산합니다.
2023-09-01 12:59:45,647 [main] ERROR c.n.m.NhnMartShell [NhnMartShell.java:58] - [양파]의 수량이 1보다 작습니다.
2023-09-01 12:59:45,656 [main] INFO c.n.m.NhnMartShell [NhnMartShell.java:60] - 구매 항목에 양파를 0만큼 추가합니다.
2023-09-01 13:00:03,437 [main] ERROR c.n.m.NhnMartShell [NhnMartShell.java:58] - [양파]의 수량이 1보다 작습니다.
2023-09-01 13:01:29,500 [main] INFO c.n.m.NhnMartShell [NhnMartShell.java:61] - 구매 항목에 ""를 1만큼 추가하였습니다..
2023-09-01 13:01:29,507 [main] INFO c.n.m.NhnMartShell [NhnMartShell.java:21] - 새로운 Customer 객체를 생성합니다.
2023-09-01 13:01:29,508 [main] INFO c.n.m.NhnMartShell [NhnMartShell.java:25] - Customer가 장바구니를 챙깁니다.
2023-09-01 13:01:29,508 [main] INFO c.n.m.NhnMartShell [NhnMartShell.java:29] - Customer가 식품을 담습니다.
2023-09-01 13:03:43,518 [main] INFO c.n.m.NhnMartShell [NhnMartShell.java:53] - 구매 항목에 양파를 2만큼 추가하였습니다..
2023-09-01 13:03:43,526 [main] INFO c.n.m.NhnMartShell [NhnMartShell.java:53] - 구매 항목에 계란를 2만큼 추가하였습니다..
2023-09-01 13:03:43,527 [main] INFO c.n.m.NhnMartShell [NhnMartShell.java:53] - 구매 항목에 파를 4만큼 추가하였습니다..
2023-09-01 13:03:43,527 [main] INFO c.n.m.NhnMartShell [NhnMartShell.java:56] - com.nhnacademy.mart.BuyList@445b295b
2023-09-01 13:03:43,527 [main] INFO c.n.m.NhnMartShell [NhnMartShell.java:21] - 새로운 Customer 객체를 생성합니다.
2023-09-01 13:03:43,527 [main] INFO c.n.m.NhnMartShell [NhnMartShell.java:25] - Customer가 장바구니를 챙깁니다.
2023-09-01 13:03:43,528 [main] INFO c.n.m.NhnMartShell [NhnMartShell.java:29] - Customer가 식품을 담습니다.
2023-09-01 13:03:43,528 [main] INFO c.n.m.NhnMartShell [NhnMartShell.java:33] - Customer가 담은 식품을 계산합니다.
2023-09-01 13:03:59,680 [main] INFO c.n.m.NhnMartShell [NhnMartShell.java:53] - 구매 항목에 양파를 2만큼 추가하였습니다..
2023-09-01 13:03:59,690 [main] INFO c.n.m.NhnMartShell [NhnMartShell.java:53] - 구매 항목에 계란를 2만큼 추가하였습니다..
2023-09-01 13:03:59,690 [main] INFO c.n.m.NhnMartShell [NhnMartShell.java:53] - 구매 항목에 파를 4만큼 추가하였습니다..
2023-09-01 13:03:59,690 [main] INFO c.n.m.NhnMartShell [NhnMartShell.java:56] - [com.nhnacademy.mart.BuyList$Item@445b295b, com.nhnacademy.mart.BuyList$Item@49e5f737, com.nhnacademy.mart.BuyList$Item@5c671d7f]
2023-09-01 13:03:59,690 [main] INFO c.n.m.NhnMartShell [NhnMartShell.java:21] - 새로운 Customer 객체를 생성합니다.
2023-09-01 13:03:59,691 [main] INFO c.n.m.NhnMartShell [NhnMartShell.java:25] - Customer가 장바구니를 챙깁니다.
2023-09-01 13:03:59,692 [main] INFO c.n.m.NhnMartShell [NhnMartShell.java:29] - Customer가 식품을 담습니다.
2023-09-01 13:03:59,692 [main] INFO c.n.m.NhnMartShell [NhnMartShell.java:33] - Customer가 담은 식품을 계산합니다.
2023-09-01 13:05:33,661 [main] INFO c.n.m.NhnMartShell [NhnMartShell.java:53] - 구매 항목에 양파를 2만큼 추가하였습니다..
2023-09-01 13:05:33,670 [main] INFO c.n.m.NhnMartShell [NhnMartShell.java:53] - 구매 항목에 계란를 2만큼 추가하였습니다..
2023-09-01 13:05:33,671 [main] INFO c.n.m.NhnMartShell [NhnMartShell.java:53] - 구매 항목에 파를 4만큼 추가하였습니다..
2023-09-01 13:05:33,671 [main] INFO c.n.m.NhnMartShell [NhnMartShell.java:56] - 총 3의 항목이 추가되었습니다.
2023-09-01 13:05:33,671 [main] INFO c.n.m.NhnMartShell [NhnMartShell.java:21] - 새로운 Customer 객체를 생성합니다.
2023-09-01 13:05:33,672 [main] INFO c.n.m.NhnMartShell [NhnMartShell.java:25] - Customer가 장바구니를 챙깁니다.
2023-09-01 13:05:33,672 [main] INFO c.n.m.NhnMartShell [NhnMartShell.java:29] - Customer가 식품을 담습니다.
2023-09-01 13:05:33,672 [main] INFO c.n.m.NhnMartShell [NhnMartShell.java:33] - Customer가 담은 식품을 계산합니다.
2023-09-01 13:05:47,061 [main] INFO c.n.m.NhnMartShell [NhnMartShell.java:53] - 구매 항목에 양파를 2만큼 추가하였습니다..
2023-09-01 13:05:47,064 [main] INFO c.n.m.NhnMartShell [NhnMartShell.java:53] - 구매 항목에 계란를 2만큼 추가하였습니다..
2023-09-01 13:05:47,064 [main] INFO c.n.m.NhnMartShell [NhnMartShell.java:53] - 구매 항목에 파를 4만큼 추가하였습니다..
2023-09-01 13:05:47,064 [main] INFO c.n.m.NhnMartShell [NhnMartShell.java:56] - 총 3개의 항목이 추가되었습니다.
2023-09-01 13:05:47,064 [main] INFO c.n.m.NhnMartShell [NhnMartShell.java:21] - 새로운 Customer 객체를 생성합니다.
2023-09-01 13:05:47,065 [main] INFO c.n.m.NhnMartShell [NhnMartShell.java:25] - Customer가 장바구니를 챙깁니다.
2023-09-01 13:05:47,065 [main] INFO c.n.m.NhnMartShell [NhnMartShell.java:29] - Customer가 식품을 담습니다.
2023-09-01 13:05:47,065 [main] INFO c.n.m.NhnMartShell [NhnMartShell.java:33] - Customer가 담은 식품을 계산합니다.
2023-09-01 13:46:59,370 [main] WARN c.n.m.BuyList [BuyList.java:33] - 수량은 1보다 작을 수 없습니다.
2023-09-01 13:47:08,064 [main] WARN c.n.m.BuyList [BuyList.java:33] - 수량은 1보다 작을 수 없습니다.
2023-09-01 13:58:28,345 [main] WARN c.n.m.BuyList [BuyList.java:33] - 수량은 1보다 작을 수 없습니다.
2023-09-01 14:28:50,960 [main] INFO c.n.m.NhnMartShell [NhnMartShell.java:51] - 구매 항목에 양파를 2만큼 추가하였습니다..
2023-09-01 14:28:50,969 [main] INFO c.n.m.NhnMartShell [NhnMartShell.java:16] - 총 1개의 항목이 추가되었습니다.
2023-09-01 14:28:50,969 [main] INFO c.n.m.NhnMartShell [NhnMartShell.java:19] - 새로운 Customer 객체를 생성합니다.
2023-09-01 14:28:50,969 [main] INFO c.n.m.NhnMartShell [NhnMartShell.java:23] - Customer가 장바구니를 챙깁니다.
2023-09-01 14:28:50,970 [main] INFO c.n.m.NhnMartShell [NhnMartShell.java:27] - Customer가 식품을 담습니다.
2023-09-01 14:28:50,970 [main] INFO c.n.m.NhnMartShell [NhnMartShell.java:31] - Customer가 담은 식품을 계산합니다.
2023-09-01 14:29:46,126 [main] WARN c.n.m.BuyList [BuyList.java:42] - 수량은 1보다 작을 수 없습니다.
